[debug] [2024-04-16T07:00:13.707Z] ----------------------------------------------------------------------
[debug] [2024-04-16T07:00:13.710Z] Command:       C:\Program Files\nodejs\node.exe C:\Users\KIMEDIAS\AppData\Roaming\npm\node_modules\firebase-tools\lib\bin\firebase.js deploy --only functions
[debug] [2024-04-16T07:00:13.711Z] CLI Version:   13.7.2
[debug] [2024-04-16T07:00:13.711Z] Platform:      win32
[debug] [2024-04-16T07:00:13.711Z] Node Version:  v20.12.2
[debug] [2024-04-16T07:00:13.711Z] Time:          Tue Apr 16 2024 08:00:13 GMT+0100 (heure normale d’Europe centrale)
[debug] [2024-04-16T07:00:13.712Z] ----------------------------------------------------------------------
[debug] 
[debug] [2024-04-16T07:00:13.793Z] > command requires scopes: ["email","openid","https://www.googleapis.com/auth/cloudplatformprojects.readonly","https://www.googleapis.com/auth/firebase","https://www.googleapis.com/auth/cloud-platform"]
[debug] [2024-04-16T07:00:13.793Z] > authorizing via signed-in user (nardjes.mzr@gmail.com)
[debug] [2024-04-16T07:00:13.794Z] [iam] checking project farmconnect-f0274 for permissions ["cloudfunctions.functions.create","cloudfunctions.functions.delete","cloudfunctions.functions.get","cloudfunctions.functions.list","cloudfunctions.functions.update","cloudfunctions.operations.get","firebase.projects.get"]
[debug] [2024-04-16T07:00:13.796Z] >>> [apiv2][query] POST https://cloudresourcemanager.googleapis.com/v1/projects/farmconnect-f0274:testIamPermissions [none]
[debug] [2024-04-16T07:00:13.797Z] >>> [apiv2][(partial)header] POST https://cloudresourcemanager.googleapis.com/v1/projects/farmconnect-f0274:testIamPermissions x-goog-quota-user=projects/farmconnect-f0274
[debug] [2024-04-16T07:00:13.797Z] >>> [apiv2][body] POST https://cloudresourcemanager.googleapis.com/v1/projects/farmconnect-f0274:testIamPermissions {"permissions":["cloudfunctions.functions.create","cloudfunctions.functions.delete","cloudfunctions.functions.get","cloudfunctions.functions.list","cloudfunctions.functions.update","cloudfunctions.operations.get","firebase.projects.get"]}
[debug] [2024-04-16T07:00:14.704Z] <<< [apiv2][status] POST https://cloudresourcemanager.googleapis.com/v1/projects/farmconnect-f0274:testIamPermissions 200
[debug] [2024-04-16T07:00:14.704Z] <<< [apiv2][body] POST https://cloudresourcemanager.googleapis.com/v1/projects/farmconnect-f0274:testIamPermissions {"permissions":["cloudfunctions.functions.create","cloudfunctions.functions.delete","cloudfunctions.functions.get","cloudfunctions.functions.list","cloudfunctions.functions.update","cloudfunctions.operations.get","firebase.projects.get"]}
[debug] [2024-04-16T07:00:14.705Z] >>> [apiv2][query] POST https://iam.googleapis.com/v1/projects/farmconnect-f0274/serviceAccounts/farmconnect-f0274@appspot.gserviceaccount.com:testIamPermissions [none]
[debug] [2024-04-16T07:00:14.705Z] >>> [apiv2][body] POST https://iam.googleapis.com/v1/projects/farmconnect-f0274/serviceAccounts/farmconnect-f0274@appspot.gserviceaccount.com:testIamPermissions {"permissions":["iam.serviceAccounts.actAs"]}
[debug] [2024-04-16T07:00:15.665Z] <<< [apiv2][status] POST https://iam.googleapis.com/v1/projects/farmconnect-f0274/serviceAccounts/farmconnect-f0274@appspot.gserviceaccount.com:testIamPermissions 200
[debug] [2024-04-16T07:00:15.665Z] <<< [apiv2][body] POST https://iam.googleapis.com/v1/projects/farmconnect-f0274/serviceAccounts/farmconnect-f0274@appspot.gserviceaccount.com:testIamPermissions {"permissions":["iam.serviceAccounts.actAs"]}
[info] 
[info] === Deploying to 'farmconnect-f0274'...
[info] 
[info] i  deploying functions 
[info] Running command: npm --prefix "$RESOURCE_DIR" run lint
